<?xml version="1.0" encoding="UTF-8"?>
<!-- Generated by org.testng.reporters.JUnitXMLReporter -->
<testsuite ignored="1" hostname="DESKTOP-SP53NB9" failures="0" tests="1" name="Default test" time="11.327" errors="0" timestamp="2022-02-06T20:13:47 IST">
  <testcase classname="leafGround.WindowHandles" name="OpenWindow" time="11.11"/>
  <testcase classname="leafGround.WindowHandles" name="openMultipleWindow" time="0.0">
    <ignored/>
  </testcase> <!-- openMultipleWindow -->
</testsuite> <!-- Default test -->
