<?xml version="1.0" encoding="UTF-8"?>
<!-- Generated by org.testng.reporters.JUnitXMLReporter -->
<testsuite ignored="0" hostname="DESKTOP-2ERBK47" failures="0" tests="4" name="Test" time="58.258" errors="0" timestamp="2021-12-13T20:56:42 IST">
  <testcase classname="leafGround.WindowHandles" name="OpenWindow" time="16.648"/>
  <testcase classname="leafGround.WindowHandles" name="openMultipleWindow" time="11.433"/>
  <testcase classname="leafGround.waitSyntax" name="SyncExplicitWaitCheck" time="22.106"/>
  <testcase classname="leafGround.waitSyntax" name="implicitlyWait" time="7.834"/>
</testsuite> <!-- Test -->
