<?xml version="1.0" encoding="UTF-8"?>
<!-- Generated by org.testng.reporters.JUnitXMLReporter -->
<testsuite ignored="1" hostname="DESKTOP-2ERBK47" failures="1" tests="1" name="Test(failed)" time="8.443" errors="0" timestamp="2021-12-14T18:11:26 IST">
  <testcase classname="leafGround.waitSyntax" name="implicitlyWait" time="7.821">
    <failure type="java.lang.AssertionError" message="expected [true] but found [false]">
      <![CDATA[java.lang.AssertionError: expected [true] but found [false]
at leafGround.waitSyntax.implicitlyWait(waitSyntax.java:28)
at java.base/java.util.ArrayList.forEach(ArrayList.java:1511)
... Removed 33 stack frames]]>
    </failure>
  </testcase> <!-- implicitlyWait -->
  <testcase classname="leafGround.waitSyntax" name="SyncExplicitWaitCheck" time="0.0">
    <ignored/>
  </testcase> <!-- SyncExplicitWaitCheck -->
</testsuite> <!-- Test(failed) -->
