<?xml version="1.0" encoding="UTF-8"?>
<testng-results ignored="1" total="2" passed="1" failed="0" skipped="0">
  <reporter-output>
  </reporter-output>
  <suite started-at="2022-02-06T20:13:35 IST" name="Default suite" finished-at="2022-02-06T20:13:47 IST" duration-ms="11327">
    <groups>
    </groups>
    <test started-at="2022-02-06T20:13:35 IST" name="Default test" finished-at="2022-02-06T20:13:47 IST" duration-ms="11327">
      <class name="leafGround.WindowHandles">
        <test-method signature="OpenWindow()[pri:0, instance:leafGround.WindowHandles@3e2e18f2]" started-at="2022-02-06T20:13:36 IST" name="OpenWindow" finished-at="2022-02-06T20:13:47 IST" duration-ms="11110" status="PASS">
          <reporter-output>
          </reporter-output>
        </test-method> <!-- OpenWindow -->
      </class> <!-- leafGround.WindowHandles -->
    </test> <!-- Default test -->
  </suite> <!-- Default suite -->
</testng-results>
