<?xml version="1.0" encoding="UTF-8"?>
<testng-results ignored="0" total="2" passed="2" failed="0" skipped="0">
  <reporter-output>
  </reporter-output>
  <suite started-at="2021-12-22T13:21:14 IST" name="Default suite" finished-at="2021-12-22T13:21:14 IST" duration-ms="246">
    <groups>
    </groups>
    <test started-at="2021-12-22T13:21:14 IST" name="Default test" finished-at="2021-12-22T13:21:14 IST" duration-ms="246">
      <class name="testDataHandling.TestData">
        <test-method signature="showData(java.lang.String,java.lang.String)[pri:0, instance:testDataHandling.TestData@7ce3cb8e]" started-at="2021-12-22T13:21:14 IST" name="showData" data-provider="getUserData" finished-at="2021-12-22T13:21:14 IST" duration-ms="27" status="PASS">
          <params>
            <param index="0">
              <value>
                <![CDATA[admin]]>
              </value>
            </param>
            <param index="1">
              <value>
                <![CDATA[adminc]]>
              </value>
            </param>
          </params>
          <reporter-output>
          </reporter-output>
        </test-method> <!-- showData -->
        <test-method signature="showData(java.lang.String,java.lang.String)[pri:0, instance:testDataHandling.TestData@7ce3cb8e]" started-at="2021-12-22T13:21:14 IST" name="showData" data-provider="getUserData" finished-at="2021-12-22T13:21:14 IST" duration-ms="15" status="PASS">
          <params>
            <param index="0">
              <value>
                <![CDATA[dgowder]]>
              </value>
            </param>
            <param index="1">
              <value>
                <![CDATA[dgowder2]]>
              </value>
            </param>
          </params>
          <reporter-output>
          </reporter-output>
        </test-method> <!-- showData -->
      </class> <!-- testDataHandling.TestData -->
    </test> <!-- Default test -->
  </suite> <!-- Default suite -->
</testng-results>
